<?xml version="1.0" encoding="UTF-8"?>
<!-- Generated by org.testng.reporters.JUnitXMLReporter -->
<testsuite hostname="vamc" ignored="0" name="Free CRM App Test Cases" tests="4" failures="0" timestamp="01 Feb 2020 17:00:17 GMT" time="57.236" errors="0">
  <testcase name="LoginPageTitleTest" time="0.403" classname="com.crm.qa.testcases.LoginPageTest"/>
  <testcase name="verifyHomePageTitleTest" time="0.007" classname="com.crm.qa.testcases.HomePageTest"/>
  <testcase name="verifyContactsPageTest" time="0.05" classname="com.crm.qa.testcases.ContactsPageTest"/>
  <testcase name="ValidateCRMLogoTest" time="0.399" classname="com.crm.qa.testcases.LoginPageTest"/>
</testsuite> <!-- Free CRM App Test Cases -->
