<?xml version="1.0" encoding="UTF-8"?>
<!-- Generated by org.testng.reporters.JUnitXMLReporter -->
<testsuite hostname="vamc" ignored="0" name="Default test" tests="3" failures="0" timestamp="02 Feb 2020 18:10:53 GMT" time="38.122" errors="0">
  <testcase name="LoginPageTitleTest" time="0.401" classname="com.crm.qa.testcases.LoginPageTest"/>
  <testcase name="ValidateCRMLogoTest" time="0.508" classname="com.crm.qa.testcases.LoginPageTest"/>
  <testcase name="LoginTest" time="7.873" classname="com.crm.qa.testcases.LoginPageTest"/>
</testsuite> <!-- Default test -->
