<?xml version="1.0" encoding="UTF-8"?>
<!-- Generated by org.testng.reporters.JUnitXMLReporter -->
<testsuite hostname="vamc" ignored="0" name="Command line test" tests="7" failures="0" timestamp="02 Feb 2020 16:52:21 GMT" time="180.131" errors="0">
  <testcase name="verifyCalendarPageTest" time="4.175" classname="com.crm.qa.testcases.CalendarPageTest"/>
  <testcase name="verifyContactsPageTest" time="0.043" classname="com.crm.qa.testcases.ContactsPageTest"/>
  <testcase name="verifyHomePageTitleTest" time="0.228" classname="com.crm.qa.testcases.HomePageTest"/>
  <testcase name="LoginPageTitleTest" time="0.53" classname="com.crm.qa.testcases.LoginPageTest"/>
  <testcase name="validateCreateNewContact" time="5.497" classname="com.crm.qa.testcases.ContactsPageTest"/>
  <testcase name="validateCreateNewContact" time="8.713" classname="com.crm.qa.testcases.ContactsPageTest"/>
  <testcase name="validateCreateNewContact" time="7.417" classname="com.crm.qa.testcases.ContactsPageTest"/>
</testsuite> <!-- Command line test -->
