<?xml version="1.0" encoding="UTF-8"?>
<testng-results skipped="0" failed="0" ignored="0" total="3" passed="3">
  <reporter-output>
  </reporter-output>
  <suite name="Default suite" duration-ms="38122" started-at="2020-02-02T18:10:15Z" finished-at="2020-02-02T18:10:53Z">
    <groups>
    </groups>
    <test name="Default test" duration-ms="38122" started-at="2020-02-02T18:10:15Z" finished-at="2020-02-02T18:10:53Z">
      <class name="com.crm.qa.testcases.LoginPageTest">
        <test-method status="PASS" signature="setUp()[pri:0, instance:com.crm.qa.testcases.LoginPageTest@39c0f4a]" name="setUp" is-config="true" duration-ms="9816" started-at="2020-02-02T18:10:15Z" finished-at="2020-02-02T18:10:24Z">
          <reporter-output>
          </reporter-output>
        </test-method> <!-- setUp -->
        <test-method status="PASS" signature="LoginPageTitleTest()[pri:1, instance:com.crm.qa.testcases.LoginPageTest@39c0f4a]" name="LoginPageTitleTest" duration-ms="401" started-at="2020-02-02T18:10:24Z" finished-at="2020-02-02T18:10:25Z">
          <reporter-output>
          </reporter-output>
        </test-method> <!-- LoginPageTitleTest -->
        <test-method status="PASS" signature="tearDown()[pri:0, instance:com.crm.qa.testcases.LoginPageTest@39c0f4a]" name="tearDown" is-config="true" duration-ms="1238" started-at="2020-02-02T18:10:25Z" finished-at="2020-02-02T18:10:26Z">
          <reporter-output>
          </reporter-output>
        </test-method> <!-- tearDown -->
        <test-method status="PASS" signature="setUp()[pri:0, instance:com.crm.qa.testcases.LoginPageTest@39c0f4a]" name="setUp" is-config="true" duration-ms="9264" started-at="2020-02-02T18:10:26Z" finished-at="2020-02-02T18:10:35Z">
          <reporter-output>
          </reporter-output>
        </test-method> <!-- setUp -->
        <test-method status="PASS" signature="ValidateCRMLogoTest()[pri:2, instance:com.crm.qa.testcases.LoginPageTest@39c0f4a]" name="ValidateCRMLogoTest" duration-ms="508" started-at="2020-02-02T18:10:35Z" finished-at="2020-02-02T18:10:36Z">
          <reporter-output>
          </reporter-output>
        </test-method> <!-- ValidateCRMLogoTest -->
        <test-method status="PASS" signature="tearDown()[pri:0, instance:com.crm.qa.testcases.LoginPageTest@39c0f4a]" name="tearDown" is-config="true" duration-ms="1100" started-at="2020-02-02T18:10:36Z" finished-at="2020-02-02T18:10:37Z">
          <reporter-output>
          </reporter-output>
        </test-method> <!-- tearDown -->
        <test-method status="PASS" signature="setUp()[pri:0, instance:com.crm.qa.testcases.LoginPageTest@39c0f4a]" name="setUp" is-config="true" duration-ms="7188" started-at="2020-02-02T18:10:37Z" finished-at="2020-02-02T18:10:44Z">
          <reporter-output>
          </reporter-output>
        </test-method> <!-- setUp -->
        <test-method status="PASS" signature="LoginTest()[pri:3, instance:com.crm.qa.testcases.LoginPageTest@39c0f4a]" name="LoginTest" duration-ms="7873" started-at="2020-02-02T18:10:44Z" finished-at="2020-02-02T18:10:52Z">
          <reporter-output>
          </reporter-output>
        </test-method> <!-- LoginTest -->
        <test-method status="PASS" signature="tearDown()[pri:0, instance:com.crm.qa.testcases.LoginPageTest@39c0f4a]" name="tearDown" is-config="true" duration-ms="679" started-at="2020-02-02T18:10:52Z" finished-at="2020-02-02T18:10:53Z">
          <reporter-output>
          </reporter-output>
        </test-method> <!-- tearDown -->
      </class> <!-- com.crm.qa.testcases.LoginPageTest -->
    </test> <!-- Default test -->
  </suite> <!-- Default suite -->
</testng-results>
